<?xml version="1.0" encoding="UTF-8"?>
<!-- Generated by org.testng.reporters.JUnitXMLReporter -->
<testsuite ignored="0" hostname="LAPTOP-RBJAAMOL" failures="0" tests="2" name="Test" time="16.685" errors="0" timestamp="2024-04-05T20:17:39 IST">
  <testcase classname="com.orangeHrm_TestScripts.loginModule" name="loginWithVaildCredentials" time="5.599"/>
  <testcase classname="com.orangeHrm_TestScripts.loginModule" name="loginWithInVaildCredentials" time="2.844"/>
</testsuite> <!-- Test -->
