<?xml version="1.0" encoding="UTF-8"?>
<!-- Generated by org.testng.reporters.JUnitXMLReporter -->
<testsuite ignored="0" hostname="LAPTOP-RBJAAMOL" failures="0" tests="2" name="Default test" time="20.418" errors="0" timestamp="2024-04-05T12:43:59 IST">
  <testcase classname="com.orangeHrm_TestScripts.loginModule" name="loginWithVaildCredentials" time="6.018"/>
  <testcase classname="com.orangeHrm_TestScripts.loginModule" name="loginWithInVaildCredentials" time="3.708"/>
</testsuite> <!-- Default test -->
