<?xml version="1.0" encoding="UTF-8"?>
<testng-results ignored="0" total="2" passed="2" failed="0" skipped="0">
  <reporter-output>
  </reporter-output>
  <suite started-at="2024-04-05T20:17:22 IST" name="Suite" finished-at="2024-04-05T20:17:38 IST" duration-ms="16685">
    <groups>
    </groups>
    <test started-at="2024-04-05T20:17:22 IST" name="Test" finished-at="2024-04-05T20:17:38 IST" duration-ms="16685">
      <class name="com.orangeHrm_TestScripts.loginModule">
        <test-method is-config="true" signature="setup()[pri:0, instance:com.orangeHrm_TestScripts.loginModule@30c15d8b]" started-at="2024-04-05T20:17:21 IST" name="setup" finished-at="2024-04-05T20:17:22 IST" duration-ms="439" status="PASS">
          <reporter-output>
          </reporter-output>
        </test-method> <!-- setup -->
        <test-method is-config="true" signature="openBroswer()[pri:0, instance:com.orangeHrm_TestScripts.loginModule@30c15d8b]" started-at="2024-04-05T20:17:22 IST" name="openBroswer" finished-at="2024-04-05T20:17:30 IST" duration-ms="8047" status="PASS">
          <reporter-output>
          </reporter-output>
        </test-method> <!-- openBroswer -->
        <test-method signature="loginWithVaildCredentials()[pri:1, instance:com.orangeHrm_TestScripts.loginModule@30c15d8b]" started-at="2024-04-05T20:17:30 IST" name="loginWithVaildCredentials" finished-at="2024-04-05T20:17:35 IST" duration-ms="5599" status="PASS">
          <reporter-output>
          </reporter-output>
        </test-method> <!-- loginWithVaildCredentials -->
        <test-method signature="loginWithInVaildCredentials()[pri:2, instance:com.orangeHrm_TestScripts.loginModule@30c15d8b]" started-at="2024-04-05T20:17:35 IST" name="loginWithInVaildCredentials" finished-at="2024-04-05T20:17:38 IST" duration-ms="2844" status="PASS">
          <reporter-output>
          </reporter-output>
        </test-method> <!-- loginWithInVaildCredentials -->
        <test-method is-config="true" signature="closeBroswer()[pri:0, instance:com.orangeHrm_TestScripts.loginModule@30c15d8b]" started-at="2024-04-05T20:17:38 IST" name="closeBroswer" finished-at="2024-04-05T20:17:38 IST" duration-ms="111" status="PASS">
          <reporter-output>
          </reporter-output>
        </test-method> <!-- closeBroswer -->
      </class> <!-- com.orangeHrm_TestScripts.loginModule -->
    </test> <!-- Test -->
  </suite> <!-- Suite -->
</testng-results>
