<?xml version="1.0" encoding="UTF-8"?>
<!-- Generated by org.testng.reporters.JUnitXMLReporter -->
<testsuite ignored="2" hostname="LAPTOP-RBJAAMOL" failures="0" tests="9" name="Test" time="95.23" errors="0" timestamp="2024-04-08T15:23:15 IST">
  <testcase classname="com.orangeHrm_TestScripts.loginModule" name="loginWithVaildCredentials" time="4.967"/>
  <testcase classname="com.orangeHrm_TestScripts.loginModule" name="loginWithInVaildCredentials" time="3.472"/>
  <testcase classname="com.orangeHrm_TestScripts.dashbordModule" name="validateDashbordPage" time="4.385"/>
  <testcase classname="com.orangeHrm_TestScripts.dashbordModule" name="validateMytimeSheetLogo" time="4.91"/>
  <testcase classname="com.orangeHrm_TestScripts.myTimeSheetModule" name="validateMytimeSheetPage" time="8.181"/>
  <testcase classname="com.orangeHrm_TestScripts.myTimeSheetModule" name="validateCalanderBtn" time="21.157"/>
  <testcase classname="com.orangeHrm_TestScripts.myTimeSheetModule" name="validateCalanderTodayBtn" time="10.928"/>
  <testcase classname="com.orangeHrm_TestScripts.myTimeSheetModule" name="validateCalenderCloseBtn" time="9.671"/>
  <testcase classname="com.orangeHrm_TestScripts.myTimeSheetModule" name="validateDate" time="6.628"/>
  <testcase classname="utility.baseClass" name="@BeforeSuite setup" time="0.0">
    <ignored/>
  </testcase> <!-- @BeforeSuite setup -->
  <testcase classname="utility.baseClass" name="@BeforeSuite setup" time="0.0">
    <ignored/>
  </testcase> <!-- @BeforeSuite setup -->
</testsuite> <!-- Test -->
