<?xml version="1.0" encoding="UTF-8"?>
<!-- Generated by org.testng.reporters.JUnitXMLReporter -->
<testsuite ignored="2" hostname="LAPTOP-RBJAAMOL" failures="0" tests="9" name="Test" time="112.392" errors="0" timestamp="2024-07-30T15:14:08 IST">
  <testcase classname="com.orangeHrm_TestScripts.loginModule" name="loginWithVaildCredentials" time="5.277"/>
  <testcase classname="com.orangeHrm_TestScripts.loginModule" name="loginWithInVaildCredentials" time="3.643"/>
  <testcase classname="com.orangeHrm_TestScripts.dashbordModule" name="validateDashbordPage" time="5.091"/>
  <testcase classname="com.orangeHrm_TestScripts.dashbordModule" name="validateMytimeSheetLogo" time="4.87"/>
  <testcase classname="com.orangeHrm_TestScripts.myTimeSheetModule" name="validateMytimeSheetPage" time="8.385"/>
  <testcase classname="com.orangeHrm_TestScripts.myTimeSheetModule" name="validateCalanderBtn" time="14.299"/>
  <testcase classname="com.orangeHrm_TestScripts.myTimeSheetModule" name="validateCalanderTodayBtn" time="11.807"/>
  <testcase classname="com.orangeHrm_TestScripts.myTimeSheetModule" name="validateCalenderCloseBtn" time="9.845"/>
  <testcase classname="com.orangeHrm_TestScripts.myTimeSheetModule" name="validateDate" time="6.907"/>
  <testcase classname="utility.baseClass" name="@BeforeSuite setup" time="0.0">
    <ignored/>
  </testcase> <!-- @BeforeSuite setup -->
  <testcase classname="utility.baseClass" name="@BeforeSuite setup" time="0.0">
    <ignored/>
  </testcase> <!-- @BeforeSuite setup -->
</testsuite> <!-- Test -->
