<?xml version="1.0" encoding="UTF-8"?>
<!-- Generated by org.testng.reporters.JUnitXMLReporter -->
<testsuite ignored="4" hostname="LAPTOP-RBJAAMOL" failures="0" tests="1" name="Default test" time="16.932" errors="0" timestamp="2024-04-08T15:12:04 IST">
  <testcase classname="com.orangeHrm_TestScripts.myTimeSheetModule" name="validateDate" time="6.269"/>
  <testcase classname="com.orangeHrm_TestScripts.myTimeSheetModule" name="validateCalenderCloseBtn" time="0.0">
    <ignored/>
  </testcase> <!-- validateCalenderCloseBtn -->
  <testcase classname="com.orangeHrm_TestScripts.myTimeSheetModule" name="validateCalanderBtn" time="0.0">
    <ignored/>
  </testcase> <!-- validateCalanderBtn -->
  <testcase classname="com.orangeHrm_TestScripts.myTimeSheetModule" name="validateMytimeSheetPage" time="0.0">
    <ignored/>
  </testcase> <!-- validateMytimeSheetPage -->
  <testcase classname="com.orangeHrm_TestScripts.myTimeSheetModule" name="validateCalanderTodayBtn" time="0.0">
    <ignored/>
  </testcase> <!-- validateCalanderTodayBtn -->
</testsuite> <!-- Default test -->
